[2020-08-25 03:24:22] name.ERROR: error [] []
[2020-08-25 03:24:22] name.WARNING: warning [] []
[2020-08-25 03:24:22] name.EMERGENCY: emergency [] []
[2020-08-25 03:24:22] name.NOTICE: notice [] []
[2020-08-25 03:24:22] name.ALERT: alert [] []
[2020-08-25 04:01:18] name.ERROR: error [] []
[2020-08-25 04:01:18] name.WARNING: warning [] []
[2020-08-25 04:01:18] name.EMERGENCY: emergency [] []
[2020-08-25 04:01:18] name.NOTICE: notice [] []
[2020-08-25 04:01:18] name.ALERT: alert [] []
[2020-08-25 04:10:51] name.ERROR: error [] []
[2020-08-25 04:10:51] name.WARNING: warning [] []
[2020-08-25 04:10:51] name.EMERGENCY: emergency [] []
[2020-08-25 04:10:51] name.NOTICE: notice [] []
[2020-08-25 04:10:51] name.ALERT: alert [] []
[2020-08-25 04:20:14] name.ERROR: error [] []
[2020-08-25 04:20:14] name.WARNING: warning [] []
[2020-08-25 04:20:14] name.EMERGENCY: emergency [] []
[2020-08-25 04:20:14] name.NOTICE: notice [] []
[2020-08-25 04:20:14] name.ALERT: alert [] []
[2020-08-25 04:20:20] name.ERROR: error [] []
[2020-08-25 04:20:20] name.WARNING: warning [] []
[2020-08-25 04:20:20] name.EMERGENCY: emergency [] []
[2020-08-25 04:20:20] name.NOTICE: notice [] []
[2020-08-25 04:20:20] name.ALERT: alert [] []
[2020-08-25 04:21:23] name.ERROR: error [] []
[2020-08-25 04:21:23] name.WARNING: warning [] []
[2020-08-25 04:21:23] name.EMERGENCY: emergency [] []
[2020-08-25 04:21:23] name.NOTICE: notice [] []
[2020-08-25 04:21:23] name.ALERT: alert [] []
[2020-08-25 04:22:15] name.ERROR: error [] []
[2020-08-25 04:22:15] name.WARNING: warning [] []
[2020-08-25 04:22:15] name.EMERGENCY: emergency [] []
[2020-08-25 04:22:15] name.NOTICE: notice [] []
[2020-08-25 04:22:15] name.ALERT: alert [] []
[2020-08-25 04:40:09] name.ERROR: error [] []
[2020-08-25 04:40:09] name.WARNING: warning [] []
[2020-08-25 04:40:09] name.EMERGENCY: emergency [] []
[2020-08-25 04:40:09] name.NOTICE: notice [] []
[2020-08-25 04:40:09] name.ALERT: alert [] []
[2020-08-25 04:42:08] name.ERROR: error [] []
[2020-08-25 04:42:08] name.WARNING: warning [] []
[2020-08-25 04:42:08] name.EMERGENCY: emergency [] []
[2020-08-25 04:42:08] name.NOTICE: notice [] []
[2020-08-25 04:42:08] name.ALERT: alert [] []
[2020-08-25 05:46:34] name.ERROR: error [] []
[2020-08-25 05:46:34] name.WARNING: warning [] []
[2020-08-25 05:46:34] name.EMERGENCY: emergency [] []
[2020-08-25 05:46:34] name.NOTICE: notice [] []
[2020-08-25 05:46:34] name.ALERT: alert [] []
